Версия 1.12
— Небольшие исправления

Версия 1.10
— Добавлена опция отображения шансов (0.00-1.00, 0.00-100.00)
— Добавлена опция группировки цифр по разрядам
— Добавлена функция копирования всех значений вкладки с последующей вставкой в другие квесты
— Добавлена функция массового параметрического редактирования
— Небольшие исправления ошибок

Версия 1.091 | Mini-update
— Добавлена поддерживаемая версия квестов: 75 (1.4.2)
— Добавлена опция отключения окрашивания имён квестов в настройки

Версия 1.09 | Hotfix
— Исправлена замена квестов при импорте

Версия 1.08
— Перерисован интерфейс в сторону стиля Windows 10
— Исправлен анализ квестов на наличие ошибок
— Реализовано перетаскивание квестов в дереве
— Изменённый квест теперь выделяется другим цветом фона вместо подчёркивания текста
— При экспорте квестов автоматически задаётся имя файлу "Минимальный_ID-Максимальный_ID.data"
— Реализована возможность выбора действия при импорте квестов, если был найден повторяющийся ID
— Добавлена опция автоматической вставки автора при создании квеста
— Добавлена опция отображения ID в списках предметов
— Добавлен светлый скин
— Реализован мост для Universal data Editor (UdE)
— Добавлена поддержка версий 123 и 124

Версия 1.07
— Добавлены сочетания клавиш для вызова функций меню
— Добавлено создание резервной копии файла перед сохранением
— Добавлен калькулятор периода для некоторых списков
— Небольшие исправления ошибок

Версия 1.06
— Исправлена запись файла

Версия 1.05
— Изменена компоновка всех страниц
— Добавлен анализ квестов при загрузке
— Переведено большинство значений
— Добавлено окно неиспользуемых значений
— Добавлена автозагрузка последнего файла

Версия 1.02
— Исправлена первая загрузка файлов без указания пути к клиенту
— Исправлено редактирование текстов в диалогах
— Исправлено присвоение ID новому созданному квесту
— Добавлен автозахват координат для точки карты сокровищ
— Добавлена возможность изменения цвета автора квеста
— Добавлено массовое редактирование автора и имени квеста
— Добавлено подтверждение изменения ID при занятом
— Добавлены способы клонирование: в начало, после выделенного, в конец
— Добавлено подчёркивание имени квеста в дереве, если он был изменён
— Добавлена проверка на сохранение при выходе из программы
— Переведены некоторые значения

Версия 1.01
— Добавлен поиск файла на диске если он не был найден в архиве
— Исправлен поиск по ID и имени квеста
— Исправлено зависание программы при открытии диалогов

Версия 1.0
— Релиз версии 1.0